2025-08-04 11:11:03,567 [Worker-1: Loading available Gradle versions] INFO  o.e.b.c.i.u.g.PublishedGradleVersions - Gradle version information cache is not available. Remote download required.
2025-08-04 11:22:52,399 [ModalContext] INFO  o.e.m.c.i.e.AbstractTransferListenerAdapter - Downloaded https://repo.maven.apache.org/maven2/org/apache/maven/archetypes/maven-archetype-bundles/4/maven-archetype-bundles-4.pom
2025-08-04 11:23:36,615 [Worker-6: Launching mavenrun-ed577468-9d47-4986-88b3-82e6c992684d] INFO  o.eclipse.m2e.core.internal.Bundles - getClasspathEntries(Bundle=org.eclipse.m2e.maven.runtime_3.9.900.20250220-2013 [639])
2025-08-04 11:23:36,619 [Worker-6: Launching mavenrun-ed577468-9d47-4986-88b3-82e6c992684d] INFO  o.eclipse.m2e.core.internal.Bundles - 	Entry: C:\Users\Sahana K S\.p2\pool\plugins\org.eclipse.m2e.maven.runtime_3.9.900.20250220-2013
2025-08-04 11:23:36,621 [Worker-6: Launching mavenrun-ed577468-9d47-4986-88b3-82e6c992684d] INFO  o.eclipse.m2e.core.internal.Bundles - 	Entry: C:\Users\Sahana K S\.p2\pool\plugins\org.eclipse.m2e.maven.runtime_3.9.900.20250220-2013\jars\aopalliance-1.0.jar
2025-08-04 11:23:36,621 [Worker-6: Launching mavenrun-ed577468-9d47-4986-88b3-82e6c992684d] INFO  o.eclipse.m2e.core.internal.Bundles - 	Entry: C:\Users\Sahana K S\.p2\pool\plugins\org.eclipse.m2e.maven.runtime_3.9.900.20250220-2013\jars\guice-5.1.0.jar
2025-08-04 11:23:36,622 [Worker-6: Launching mavenrun-ed577468-9d47-4986-88b3-82e6c992684d] INFO  o.eclipse.m2e.core.internal.Bundles - 	Entry: C:\Users\Sahana K S\.p2\pool\plugins\org.eclipse.m2e.maven.runtime_3.9.900.20250220-2013\jars\httpclient-4.5.14.jar
2025-08-04 11:23:36,622 [Worker-6: Launching mavenrun-ed577468-9d47-4986-88b3-82e6c992684d] INFO  o.eclipse.m2e.core.internal.Bundles - 	Entry: C:\Users\Sahana K S\.p2\pool\plugins\org.eclipse.m2e.maven.runtime_3.9.900.20250220-2013\jars\httpcore-4.4.16.jar
2025-08-04 11:23:36,622 [Worker-6: Launching mavenrun-ed577468-9d47-4986-88b3-82e6c992684d] INFO  o.eclipse.m2e.core.internal.Bundles - 	Entry: C:\Users\Sahana K S\.p2\pool\plugins\org.eclipse.m2e.maven.runtime_3.9.900.20250220-2013\jars\jansi-2.4.1.jar
2025-08-04 11:23:36,623 [Worker-6: Launching mavenrun-ed577468-9d47-4986-88b3-82e6c992684d] INFO  o.eclipse.m2e.core.internal.Bundles - 	Entry: C:\Users\Sahana K S\.p2\pool\plugins\org.eclipse.m2e.maven.runtime_3.9.900.20250220-2013\jars\jcl-over-slf4j-1.7.36.jar
2025-08-04 11:23:36,624 [Worker-6: Launching mavenrun-ed577468-9d47-4986-88b3-82e6c992684d] INFO  o.eclipse.m2e.core.internal.Bundles - 	Entry: C:\Users\Sahana K S\.p2\pool\plugins\org.eclipse.m2e.maven.runtime_3.9.900.20250220-2013\jars\maven-artifact-3.9.9.jar
2025-08-04 11:23:36,624 [Worker-6: Launching mavenrun-ed577468-9d47-4986-88b3-82e6c992684d] INFO  o.eclipse.m2e.core.internal.Bundles - 	Entry: C:\Users\Sahana K S\.p2\pool\plugins\org.eclipse.m2e.maven.runtime_3.9.900.20250220-2013\jars\maven-builder-support-3.9.9.jar
2025-08-04 11:23:36,624 [Worker-6: Launching mavenrun-ed577468-9d47-4986-88b3-82e6c992684d] INFO  o.eclipse.m2e.core.internal.Bundles - 	Entry: C:\Users\Sahana K S\.p2\pool\plugins\org.eclipse.m2e.maven.runtime_3.9.900.20250220-2013\jars\maven-compat-3.9.9.jar
2025-08-04 11:23:36,625 [Worker-6: Launching mavenrun-ed577468-9d47-4986-88b3-82e6c992684d] INFO  o.eclipse.m2e.core.internal.Bundles - 	Entry: C:\Users\Sahana K S\.p2\pool\plugins\org.eclipse.m2e.maven.runtime_3.9.900.20250220-2013\jars\maven-core-3.9.9.jar
2025-08-04 11:23:36,625 [Worker-6: Launching mavenrun-ed577468-9d47-4986-88b3-82e6c992684d] INFO  o.eclipse.m2e.core.internal.Bundles - 	Entry: C:\Users\Sahana K S\.p2\pool\plugins\org.eclipse.m2e.maven.runtime_3.9.900.20250220-2013\jars\maven-embedder-3.9.9.jar
2025-08-04 11:23:36,626 [Worker-6: Launching mavenrun-ed577468-9d47-4986-88b3-82e6c992684d] INFO  o.eclipse.m2e.core.internal.Bundles - 	Entry: C:\Users\Sahana K S\.p2\pool\plugins\org.eclipse.m2e.maven.runtime_3.9.900.20250220-2013\jars\maven-model-3.9.9.jar
2025-08-04 11:23:36,626 [Worker-6: Launching mavenrun-ed577468-9d47-4986-88b3-82e6c992684d] INFO  o.eclipse.m2e.core.internal.Bundles - 	Entry: C:\Users\Sahana K S\.p2\pool\plugins\org.eclipse.m2e.maven.runtime_3.9.900.20250220-2013\jars\maven-model-builder-3.9.9.jar
2025-08-04 11:23:36,627 [Worker-6: Launching mavenrun-ed577468-9d47-4986-88b3-82e6c992684d] INFO  o.eclipse.m2e.core.internal.Bundles - 	Entry: C:\Users\Sahana K S\.p2\pool\plugins\org.eclipse.m2e.maven.runtime_3.9.900.20250220-2013\jars\maven-plugin-api-3.9.9.jar
2025-08-04 11:23:36,627 [Worker-6: Launching mavenrun-ed577468-9d47-4986-88b3-82e6c992684d] INFO  o.eclipse.m2e.core.internal.Bundles - 	Entry: C:\Users\Sahana K S\.p2\pool\plugins\org.eclipse.m2e.maven.runtime_3.9.900.20250220-2013\jars\maven-repository-metadata-3.9.9.jar
2025-08-04 11:23:36,628 [Worker-6: Launching mavenrun-ed577468-9d47-4986-88b3-82e6c992684d] INFO  o.eclipse.m2e.core.internal.Bundles - 	Entry: C:\Users\Sahana K S\.p2\pool\plugins\org.eclipse.m2e.maven.runtime_3.9.900.20250220-2013\jars\maven-resolver-api-1.9.22.jar
2025-08-04 11:23:36,629 [Worker-6: Launching mavenrun-ed577468-9d47-4986-88b3-82e6c992684d] INFO  o.eclipse.m2e.core.internal.Bundles - 	Entry: C:\Users\Sahana K S\.p2\pool\plugins\org.eclipse.m2e.maven.runtime_3.9.900.20250220-2013\jars\maven-resolver-connector-basic-1.9.22.jar
2025-08-04 11:23:36,629 [Worker-6: Launching mavenrun-ed577468-9d47-4986-88b3-82e6c992684d] INFO  o.eclipse.m2e.core.internal.Bundles - 	Entry: C:\Users\Sahana K S\.p2\pool\plugins\org.eclipse.m2e.maven.runtime_3.9.900.20250220-2013\jars\maven-resolver-impl-1.9.22.jar
2025-08-04 11:23:36,630 [Worker-6: Launching mavenrun-ed577468-9d47-4986-88b3-82e6c992684d] INFO  o.eclipse.m2e.core.internal.Bundles - 	Entry: C:\Users\Sahana K S\.p2\pool\plugins\org.eclipse.m2e.maven.runtime_3.9.900.20250220-2013\jars\maven-resolver-named-locks-1.9.22.jar
2025-08-04 11:23:36,630 [Worker-6: Launching mavenrun-ed577468-9d47-4986-88b3-82e6c992684d] INFO  o.eclipse.m2e.core.internal.Bundles - 	Entry: C:\Users\Sahana K S\.p2\pool\plugins\org.eclipse.m2e.maven.runtime_3.9.900.20250220-2013\jars\maven-resolver-provider-3.9.9.jar
2025-08-04 11:23:36,631 [Worker-6: Launching mavenrun-ed577468-9d47-4986-88b3-82e6c992684d] INFO  o.eclipse.m2e.core.internal.Bundles - 	Entry: C:\Users\Sahana K S\.p2\pool\plugins\org.eclipse.m2e.maven.runtime_3.9.900.20250220-2013\jars\maven-resolver-spi-1.9.22.jar
2025-08-04 11:23:36,631 [Worker-6: Launching mavenrun-ed577468-9d47-4986-88b3-82e6c992684d] INFO  o.eclipse.m2e.core.internal.Bundles - 	Entry: C:\Users\Sahana K S\.p2\pool\plugins\org.eclipse.m2e.maven.runtime_3.9.900.20250220-2013\jars\maven-resolver-transport-file-1.9.22.jar
2025-08-04 11:23:36,632 [Worker-6: Launching mavenrun-ed577468-9d47-4986-88b3-82e6c992684d] INFO  o.eclipse.m2e.core.internal.Bundles - 	Entry: C:\Users\Sahana K S\.p2\pool\plugins\org.eclipse.m2e.maven.runtime_3.9.900.20250220-2013\jars\maven-resolver-transport-http-1.9.22.jar
2025-08-04 11:23:36,632 [Worker-6: Launching mavenrun-ed577468-9d47-4986-88b3-82e6c992684d] INFO  o.eclipse.m2e.core.internal.Bundles - 	Entry: C:\Users\Sahana K S\.p2\pool\plugins\org.eclipse.m2e.maven.runtime_3.9.900.20250220-2013\jars\maven-resolver-transport-wagon-1.9.22.jar
2025-08-04 11:23:36,633 [Worker-6: Launching mavenrun-ed577468-9d47-4986-88b3-82e6c992684d] INFO  o.eclipse.m2e.core.internal.Bundles - 	Entry: C:\Users\Sahana K S\.p2\pool\plugins\org.eclipse.m2e.maven.runtime_3.9.900.20250220-2013\jars\maven-resolver-util-1.9.22.jar
2025-08-04 11:23:36,634 [Worker-6: Launching mavenrun-ed577468-9d47-4986-88b3-82e6c992684d] INFO  o.eclipse.m2e.core.internal.Bundles - 	Entry: C:\Users\Sahana K S\.p2\pool\plugins\org.eclipse.m2e.maven.runtime_3.9.900.20250220-2013\jars\maven-settings-3.9.9.jar
2025-08-04 11:23:36,635 [Worker-6: Launching mavenrun-ed577468-9d47-4986-88b3-82e6c992684d] INFO  o.eclipse.m2e.core.internal.Bundles - 	Entry: C:\Users\Sahana K S\.p2\pool\plugins\org.eclipse.m2e.maven.runtime_3.9.900.20250220-2013\jars\maven-settings-builder-3.9.9.jar
2025-08-04 11:23:36,635 [Worker-6: Launching mavenrun-ed577468-9d47-4986-88b3-82e6c992684d] INFO  o.eclipse.m2e.core.internal.Bundles - 	Entry: C:\Users\Sahana K S\.p2\pool\plugins\org.eclipse.m2e.maven.runtime_3.9.900.20250220-2013\jars\maven-shared-utils-3.4.2.jar
2025-08-04 11:23:36,636 [Worker-6: Launching mavenrun-ed577468-9d47-4986-88b3-82e6c992684d] INFO  o.eclipse.m2e.core.internal.Bundles - 	Entry: C:\Users\Sahana K S\.p2\pool\plugins\org.eclipse.m2e.maven.runtime_3.9.900.20250220-2013\jars\org.eclipse.sisu.inject-0.9.0.M3.jar
2025-08-04 11:23:36,636 [Worker-6: Launching mavenrun-ed577468-9d47-4986-88b3-82e6c992684d] INFO  o.eclipse.m2e.core.internal.Bundles - 	Entry: C:\Users\Sahana K S\.p2\pool\plugins\org.eclipse.m2e.maven.runtime_3.9.900.20250220-2013\jars\org.eclipse.sisu.plexus-0.9.0.M3.jar
2025-08-04 11:23:36,637 [Worker-6: Launching mavenrun-ed577468-9d47-4986-88b3-82e6c992684d] INFO  o.eclipse.m2e.core.internal.Bundles - 	Entry: C:\Users\Sahana K S\.p2\pool\plugins\org.eclipse.m2e.maven.runtime_3.9.900.20250220-2013\jars\plexus-build-api-0.0.7.jar
2025-08-04 11:23:36,637 [Worker-6: Launching mavenrun-ed577468-9d47-4986-88b3-82e6c992684d] INFO  o.eclipse.m2e.core.internal.Bundles - 	Entry: C:\Users\Sahana K S\.p2\pool\plugins\org.eclipse.m2e.maven.runtime_3.9.900.20250220-2013\jars\plexus-build-api-1.2.0.jar
2025-08-04 11:23:36,637 [Worker-6: Launching mavenrun-ed577468-9d47-4986-88b3-82e6c992684d] INFO  o.eclipse.m2e.core.internal.Bundles - 	Entry: C:\Users\Sahana K S\.p2\pool\plugins\org.eclipse.m2e.maven.runtime_3.9.900.20250220-2013\jars\plexus-cipher-2.0.jar
2025-08-04 11:23:36,638 [Worker-6: Launching mavenrun-ed577468-9d47-4986-88b3-82e6c992684d] INFO  o.eclipse.m2e.core.internal.Bundles - 	Entry: C:\Users\Sahana K S\.p2\pool\plugins\org.eclipse.m2e.maven.runtime_3.9.900.20250220-2013\jars\plexus-classworlds-2.8.0.jar
2025-08-04 11:23:36,638 [Worker-6: Launching mavenrun-ed577468-9d47-4986-88b3-82e6c992684d] INFO  o.eclipse.m2e.core.internal.Bundles - 	Entry: C:\Users\Sahana K S\.p2\pool\plugins\org.eclipse.m2e.maven.runtime_3.9.900.20250220-2013\jars\plexus-component-annotations-2.1.0.jar
2025-08-04 11:23:36,638 [Worker-6: Launching mavenrun-ed577468-9d47-4986-88b3-82e6c992684d] INFO  o.eclipse.m2e.core.internal.Bundles - 	Entry: C:\Users\Sahana K S\.p2\pool\plugins\org.eclipse.m2e.maven.runtime_3.9.900.20250220-2013\jars\plexus-interpolation-1.27.jar
2025-08-04 11:23:36,638 [Worker-6: Launching mavenrun-ed577468-9d47-4986-88b3-82e6c992684d] INFO  o.eclipse.m2e.core.internal.Bundles - 	Entry: C:\Users\Sahana K S\.p2\pool\plugins\org.eclipse.m2e.maven.runtime_3.9.900.20250220-2013\jars\plexus-sec-dispatcher-2.0.jar
2025-08-04 11:23:36,639 [Worker-6: Launching mavenrun-ed577468-9d47-4986-88b3-82e6c992684d] INFO  o.eclipse.m2e.core.internal.Bundles - 	Entry: C:\Users\Sahana K S\.p2\pool\plugins\org.eclipse.m2e.maven.runtime_3.9.900.20250220-2013\jars\plexus-utils-3.5.1.jar
2025-08-04 11:23:36,639 [Worker-6: Launching mavenrun-ed577468-9d47-4986-88b3-82e6c992684d] INFO  o.eclipse.m2e.core.internal.Bundles - 	Entry: C:\Users\Sahana K S\.p2\pool\plugins\org.eclipse.m2e.maven.runtime_3.9.900.20250220-2013\jars\plexus-xml-3.0.1.jar
2025-08-04 11:23:36,639 [Worker-6: Launching mavenrun-ed577468-9d47-4986-88b3-82e6c992684d] INFO  o.eclipse.m2e.core.internal.Bundles - 	Entry: C:\Users\Sahana K S\.p2\pool\plugins\org.eclipse.m2e.maven.runtime_3.9.900.20250220-2013\jars\wagon-file-3.5.3.jar
2025-08-04 11:23:36,639 [Worker-6: Launching mavenrun-ed577468-9d47-4986-88b3-82e6c992684d] INFO  o.eclipse.m2e.core.internal.Bundles - 	Entry: C:\Users\Sahana K S\.p2\pool\plugins\org.eclipse.m2e.maven.runtime_3.9.900.20250220-2013\jars\wagon-http-3.5.3.jar
2025-08-04 11:23:36,639 [Worker-6: Launching mavenrun-ed577468-9d47-4986-88b3-82e6c992684d] INFO  o.eclipse.m2e.core.internal.Bundles - 	Entry: C:\Users\Sahana K S\.p2\pool\plugins\org.eclipse.m2e.maven.runtime_3.9.900.20250220-2013\jars\wagon-http-shared-3.5.3.jar
2025-08-04 11:23:36,640 [Worker-6: Launching mavenrun-ed577468-9d47-4986-88b3-82e6c992684d] INFO  o.eclipse.m2e.core.internal.Bundles - 	Entry: C:\Users\Sahana K S\.p2\pool\plugins\org.eclipse.m2e.maven.runtime_3.9.900.20250220-2013\jars\wagon-provider-api-3.5.3.jar
2025-08-04 11:23:36,645 [Worker-6: Launching mavenrun-ed577468-9d47-4986-88b3-82e6c992684d] INFO  o.eclipse.m2e.core.internal.Bundles - getClasspathEntries(Bundle=com.google.guava_33.4.8.jre [18])
2025-08-04 11:23:36,646 [Worker-6: Launching mavenrun-ed577468-9d47-4986-88b3-82e6c992684d] INFO  o.eclipse.m2e.core.internal.Bundles - 	Entry: C:\Users\Sahana K S\.p2\pool\plugins\com.google.guava_33.4.8.jre.jar
2025-08-04 11:23:36,646 [Worker-6: Launching mavenrun-ed577468-9d47-4986-88b3-82e6c992684d] INFO  o.eclipse.m2e.core.internal.Bundles - getClasspathEntries(Bundle=slf4j.api_2.0.17 [1004])
2025-08-04 11:23:36,647 [Worker-6: Launching mavenrun-ed577468-9d47-4986-88b3-82e6c992684d] INFO  o.eclipse.m2e.core.internal.Bundles - 	Entry: C:\Users\Sahana K S\.p2\pool\plugins\slf4j.api_2.0.17.jar
2025-08-04 11:23:36,647 [Worker-6: Launching mavenrun-ed577468-9d47-4986-88b3-82e6c992684d] INFO  o.eclipse.m2e.core.internal.Bundles - getClasspathEntries(Bundle=jakarta.inject.jakarta.inject-api_1.0.5 [35])
2025-08-04 11:23:36,648 [Worker-6: Launching mavenrun-ed577468-9d47-4986-88b3-82e6c992684d] INFO  o.eclipse.m2e.core.internal.Bundles - 	Entry: C:\Users\Sahana K S\.p2\pool\plugins\jakarta.inject.jakarta.inject-api_1.0.5.jar
2025-08-04 11:23:36,648 [Worker-6: Launching mavenrun-ed577468-9d47-4986-88b3-82e6c992684d] INFO  o.eclipse.m2e.core.internal.Bundles - getClasspathEntries(Bundle=javax.annotation_1.3.5.v20200909-1856 [45])
2025-08-04 11:23:36,649 [Worker-6: Launching mavenrun-ed577468-9d47-4986-88b3-82e6c992684d] INFO  o.eclipse.m2e.core.internal.Bundles - 	Entry: C:\Users\Sahana K S\.p2\pool\plugins\javax.annotation_1.3.5.v20200909-1856.jar
2025-08-04 11:23:36,649 [Worker-6: Launching mavenrun-ed577468-9d47-4986-88b3-82e6c992684d] INFO  o.eclipse.m2e.core.internal.Bundles - getClasspathEntries(Bundle=org.apache.commons.cli_1.9.0 [76])
2025-08-04 11:23:36,650 [Worker-6: Launching mavenrun-ed577468-9d47-4986-88b3-82e6c992684d] INFO  o.eclipse.m2e.core.internal.Bundles - 	Entry: C:\Users\Sahana K S\.p2\pool\plugins\org.apache.commons.cli_1.9.0.jar
2025-08-04 11:23:36,650 [Worker-6: Launching mavenrun-ed577468-9d47-4986-88b3-82e6c992684d] INFO  o.eclipse.m2e.core.internal.Bundles - getClasspathEntries(Bundle=org.apache.commons.commons-codec_1.16.0 [78])
2025-08-04 11:23:36,651 [Worker-6: Launching mavenrun-ed577468-9d47-4986-88b3-82e6c992684d] INFO  o.eclipse.m2e.core.internal.Bundles - 	Entry: C:\Users\Sahana K S\.p2\pool\plugins\org.apache.commons.commons-codec_1.16.0.jar
2025-08-04 11:23:36,651 [Worker-6: Launching mavenrun-ed577468-9d47-4986-88b3-82e6c992684d] INFO  o.eclipse.m2e.core.internal.Bundles - getClasspathEntries(Bundle=com.google.guava.failureaccess_1.0.3 [19])
2025-08-04 11:23:36,652 [Worker-6: Launching mavenrun-ed577468-9d47-4986-88b3-82e6c992684d] INFO  o.eclipse.m2e.core.internal.Bundles - 	Entry: C:\Users\Sahana K S\.p2\pool\plugins\com.google.guava.failureaccess_1.0.3.jar
2025-08-04 11:23:36,664 [Worker-6: Launching mavenrun-ed577468-9d47-4986-88b3-82e6c992684d] INFO  o.e.m.i.launch.MavenLaunchDelegate - Run build in "C:\Users\SAHANA~1\AppData\Local\Temp\m2e-archetypeGenerator8426701800375856456":
2025-08-04 11:23:36,676 [Worker-6: Launching mavenrun-ed577468-9d47-4986-88b3-82e6c992684d] INFO  o.e.m.i.launch.MavenLaunchDelegate -  mvn  -DarchetypeGroupId=org.apache.maven.archetypes -DarchetypeArtifactId=maven-archetype-quickstart -DarchetypeVersion=1.1 -DgroupId=com.dcl.spring -DartifactId=IOC -Dversion=0.0.1-SNAPSHOT -Dpackage=com.dcl.IOC -DoutputDirectory="C:\Users\Sahana K S\Spring" -Dstyle.color=always -U archetype:generate
2025-08-04 11:23:47,068 [Worker-8: Creating maven-archetype-quickstart] INFO  o.e.m.c.i.p.ProjectConfigurationManager - Collecting project info '/pom.xml' C:\Users\Sahana K S\Spring\IOC\pom.xml
2025-08-04 11:23:48,455 [Worker-8: Creating maven-archetype-quickstart] INFO  o.e.m.c.i.l.LifecycleMappingFactory - Using org.eclipse.m2e.jdt.JarLifecycleMapping lifecycle mapping for MavenProject: com.dcl.spring:IOC:0.0.1-SNAPSHOT @ C:\Users\Sahana K S\Spring\IOC\pom.xml.
2025-08-04 11:23:50,650 [Worker-8: Creating maven-archetype-quickstart] INFO  o.e.m.j.i.AbstractJavaProjectConfigurator - Adding source folder /IOC/src/main/java
2025-08-04 11:23:50,653 [Worker-8: Creating maven-archetype-quickstart] INFO  o.e.m.j.i.AbstractJavaProjectConfigurator - Adding resource folder /IOC/src/main/resources
2025-08-04 11:23:50,663 [Worker-8: Creating maven-archetype-quickstart] INFO  o.e.m.j.i.AbstractJavaProjectConfigurator - Adding source folder /IOC/src/test/java
2025-08-04 11:23:50,665 [Worker-8: Creating maven-archetype-quickstart] INFO  o.e.m.j.i.AbstractJavaProjectConfigurator - Adding resource folder /IOC/src/test/resources
2025-08-04 11:23:50,860 [Worker-8: Creating maven-archetype-quickstart] INFO  o.e.m.c.i.p.ProjectConfigurationManager - Imported and configured 1 project(s) in 3 sec
2025-08-04 11:23:52,377 [Worker-21: Building] INFO  o.a.m.s.f.DefaultMavenResourcesFiltering - skip non existing resourceDirectory C:\Users\Sahana K S\Spring\IOC\src\main\resources
2025-08-04 11:23:52,383 [Worker-21: Building] INFO  o.a.m.s.f.DefaultMavenResourcesFiltering - skip non existing resourceDirectory C:\Users\Sahana K S\Spring\IOC\src\test\resources
2025-08-04 11:26:43,632 [Worker-21: Building] INFO  o.e.m.c.i.l.LifecycleMappingFactory - Using org.eclipse.m2e.jdt.JarLifecycleMapping lifecycle mapping for MavenProject: com.dcl.spring:IOC:0.0.1-SNAPSHOT @ C:\Users\Sahana K S\Spring\IOC\pom.xml.
2025-08-04 11:26:45,993 [Worker-21: Building] INFO  o.e.m.c.i.e.AbstractTransferListenerAdapter - Downloading https://repo.maven.apache.org/maven2/org/springframework/spring-context/5.3.20/spring-context-5.3.20.pom
2025-08-04 11:26:46,048 [Worker-21: Building] INFO  o.e.m.c.i.e.AbstractTransferListenerAdapter - Downloaded https://repo.maven.apache.org/maven2/org/springframework/spring-context/5.3.20/spring-context-5.3.20.pom
2025-08-04 11:26:46,223 [Worker-21: Building] INFO  o.e.m.c.i.e.AbstractTransferListenerAdapter - Downloading https://repo.maven.apache.org/maven2/org/springframework/spring-aop/5.3.20/spring-aop-5.3.20.pom
2025-08-04 11:26:46,681 [Worker-21: Building] INFO  o.e.m.c.i.e.AbstractTransferListenerAdapter - Downloaded https://repo.maven.apache.org/maven2/org/springframework/spring-aop/5.3.20/spring-aop-5.3.20.pom
2025-08-04 11:26:47,030 [Worker-21: Building] INFO  o.e.m.c.i.e.AbstractTransferListenerAdapter - Downloading https://repo.maven.apache.org/maven2/org/springframework/spring-beans/5.3.20/spring-beans-5.3.20.pom
2025-08-04 11:26:47,085 [Worker-21: Building] INFO  o.e.m.c.i.e.AbstractTransferListenerAdapter - Downloaded https://repo.maven.apache.org/maven2/org/springframework/spring-beans/5.3.20/spring-beans-5.3.20.pom
2025-08-04 11:26:47,349 [Worker-21: Building] INFO  o.e.m.c.i.e.AbstractTransferListenerAdapter - Downloading https://repo.maven.apache.org/maven2/org/springframework/spring-core/5.3.20/spring-core-5.3.20.pom
2025-08-04 11:26:47,428 [Worker-21: Building] INFO  o.e.m.c.i.e.AbstractTransferListenerAdapter - Downloaded https://repo.maven.apache.org/maven2/org/springframework/spring-core/5.3.20/spring-core-5.3.20.pom
2025-08-04 11:26:47,768 [Worker-21: Building] INFO  o.e.m.c.i.e.AbstractTransferListenerAdapter - Downloading https://repo.maven.apache.org/maven2/org/springframework/spring-jcl/5.3.20/spring-jcl-5.3.20.pom
2025-08-04 11:26:47,828 [Worker-21: Building] INFO  o.e.m.c.i.e.AbstractTransferListenerAdapter - Downloaded https://repo.maven.apache.org/maven2/org/springframework/spring-jcl/5.3.20/spring-jcl-5.3.20.pom
2025-08-04 11:26:48,689 [Worker-21: Building] INFO  o.e.m.c.i.e.AbstractTransferListenerAdapter - Downloading https://repo.maven.apache.org/maven2/org/springframework/spring-expression/5.3.20/spring-expression-5.3.20.pom
2025-08-04 11:26:48,733 [Worker-21: Building] INFO  o.e.m.c.i.e.AbstractTransferListenerAdapter - Downloaded https://repo.maven.apache.org/maven2/org/springframework/spring-expression/5.3.20/spring-expression-5.3.20.pom
2025-08-04 11:26:49,002 [Worker-21: Building] INFO  o.e.m.c.i.e.AbstractTransferListenerAdapter - Downloading https://repo.maven.apache.org/maven2/org/springframework/spring-context/5.3.20/spring-context-5.3.20.jar
2025-08-04 11:26:55,363 [Worker-21: Building] INFO  o.e.m.c.i.e.AbstractTransferListenerAdapter - Downloaded https://repo.maven.apache.org/maven2/org/springframework/spring-context/5.3.20/spring-context-5.3.20.jar
2025-08-04 11:26:55,487 [BasicRepositoryConnector-repo.maven.apache.org-0-2] INFO  o.e.m.c.i.e.AbstractTransferListenerAdapter - Downloading https://repo.maven.apache.org/maven2/org/springframework/spring-core/5.3.20/spring-core-5.3.20.jar
2025-08-04 11:26:55,742 [BasicRepositoryConnector-repo.maven.apache.org-0-0] INFO  o.e.m.c.i.e.AbstractTransferListenerAdapter - Downloading https://repo.maven.apache.org/maven2/org/springframework/spring-aop/5.3.20/spring-aop-5.3.20.jar
2025-08-04 11:26:55,742 [BasicRepositoryConnector-repo.maven.apache.org-0-3] INFO  o.e.m.c.i.e.AbstractTransferListenerAdapter - Downloading https://repo.maven.apache.org/maven2/org/springframework/spring-jcl/5.3.20/spring-jcl-5.3.20.jar
2025-08-04 11:26:55,801 [BasicRepositoryConnector-repo.maven.apache.org-0-1] INFO  o.e.m.c.i.e.AbstractTransferListenerAdapter - Downloading https://repo.maven.apache.org/maven2/org/springframework/spring-beans/5.3.20/spring-beans-5.3.20.jar
2025-08-04 11:26:55,826 [BasicRepositoryConnector-repo.maven.apache.org-0-4] INFO  o.e.m.c.i.e.AbstractTransferListenerAdapter - Downloading https://repo.maven.apache.org/maven2/org/springframework/spring-expression/5.3.20/spring-expression-5.3.20.jar
2025-08-04 11:26:56,127 [BasicRepositoryConnector-repo.maven.apache.org-0-3] INFO  o.e.m.c.i.e.AbstractTransferListenerAdapter - Downloaded https://repo.maven.apache.org/maven2/org/springframework/spring-jcl/5.3.20/spring-jcl-5.3.20.jar
2025-08-04 11:26:57,471 [BasicRepositoryConnector-repo.maven.apache.org-0-0] INFO  o.e.m.c.i.e.AbstractTransferListenerAdapter - Downloaded https://repo.maven.apache.org/maven2/org/springframework/spring-aop/5.3.20/spring-aop-5.3.20.jar
2025-08-04 11:26:57,476 [BasicRepositoryConnector-repo.maven.apache.org-0-4] INFO  o.e.m.c.i.e.AbstractTransferListenerAdapter - Downloaded https://repo.maven.apache.org/maven2/org/springframework/spring-expression/5.3.20/spring-expression-5.3.20.jar
2025-08-04 11:26:58,226 [BasicRepositoryConnector-repo.maven.apache.org-0-1] INFO  o.e.m.c.i.e.AbstractTransferListenerAdapter - Downloaded https://repo.maven.apache.org/maven2/org/springframework/spring-beans/5.3.20/spring-beans-5.3.20.jar
2025-08-04 11:27:02,010 [BasicRepositoryConnector-repo.maven.apache.org-0-2] INFO  o.e.m.c.i.e.AbstractTransferListenerAdapter - Downloaded https://repo.maven.apache.org/maven2/org/springframework/spring-core/5.3.20/spring-core-5.3.20.jar
2025-08-04 11:27:02,853 [Worker-21: Building] INFO  o.a.m.s.f.DefaultMavenResourcesFiltering - skip non existing resourceDirectory C:\Users\Sahana K S\Spring\IOC\src\main\resources
2025-08-04 11:27:02,858 [Worker-21: Building] INFO  o.a.m.s.f.DefaultMavenResourcesFiltering - skip non existing resourceDirectory C:\Users\Sahana K S\Spring\IOC\src\test\resources
2025-08-04 11:27:03,469 [Worker-8: Download sources and javadoc] INFO  o.e.m.c.i.e.AbstractTransferListenerAdapter - Downloading https://repo.maven.apache.org/maven2/org/springframework/spring-context/5.3.20/spring-context-5.3.20-sources.jar
2025-08-04 11:27:05,590 [Worker-8: Download sources and javadoc] INFO  o.e.m.c.i.e.AbstractTransferListenerAdapter - Downloaded https://repo.maven.apache.org/maven2/org/springframework/spring-context/5.3.20/spring-context-5.3.20-sources.jar
2025-08-04 11:27:05,608 [Worker-8: Download sources and javadoc] INFO  o.e.m.j.internal.DownloadSourcesJob - Downloaded sources for org.springframework:spring-context:5.3.20
2025-08-04 11:27:05,858 [Worker-8: Download sources and javadoc] INFO  o.e.m.c.i.e.AbstractTransferListenerAdapter - Downloading https://repo.maven.apache.org/maven2/org/springframework/spring-aop/5.3.20/spring-aop-5.3.20-sources.jar
2025-08-04 11:27:06,434 [Worker-8: Download sources and javadoc] INFO  o.e.m.c.i.e.AbstractTransferListenerAdapter - Downloaded https://repo.maven.apache.org/maven2/org/springframework/spring-aop/5.3.20/spring-aop-5.3.20-sources.jar
2025-08-04 11:27:06,441 [Worker-8: Download sources and javadoc] INFO  o.e.m.j.internal.DownloadSourcesJob - Downloaded sources for org.springframework:spring-aop:5.3.20
2025-08-04 11:27:06,721 [Worker-8: Download sources and javadoc] INFO  o.e.m.c.i.e.AbstractTransferListenerAdapter - Downloading https://repo.maven.apache.org/maven2/org/springframework/spring-beans/5.3.20/spring-beans-5.3.20-sources.jar
2025-08-04 11:27:07,339 [Worker-8: Download sources and javadoc] INFO  o.e.m.c.i.e.AbstractTransferListenerAdapter - Downloaded https://repo.maven.apache.org/maven2/org/springframework/spring-beans/5.3.20/spring-beans-5.3.20-sources.jar
2025-08-04 11:27:07,347 [Worker-8: Download sources and javadoc] INFO  o.e.m.j.internal.DownloadSourcesJob - Downloaded sources for org.springframework:spring-beans:5.3.20
2025-08-04 11:27:07,566 [Worker-8: Download sources and javadoc] INFO  o.e.m.c.i.e.AbstractTransferListenerAdapter - Downloading https://repo.maven.apache.org/maven2/org/springframework/spring-core/5.3.20/spring-core-5.3.20-sources.jar
2025-08-04 11:27:08,231 [Worker-21: Building] INFO  o.e.m.c.i.l.LifecycleMappingFactory - Using org.eclipse.m2e.jdt.JarLifecycleMapping lifecycle mapping for MavenProject: com.dcl.spring:IOC:0.0.1-SNAPSHOT @ C:\Users\Sahana K S\Spring\IOC\pom.xml.
2025-08-04 11:27:10,617 [Worker-8: Download sources and javadoc] INFO  o.e.m.c.i.e.AbstractTransferListenerAdapter - Downloaded https://repo.maven.apache.org/maven2/org/springframework/spring-core/5.3.20/spring-core-5.3.20-sources.jar
2025-08-04 11:27:10,622 [Worker-8: Download sources and javadoc] INFO  o.e.m.j.internal.DownloadSourcesJob - Downloaded sources for org.springframework:spring-core:5.3.20
2025-08-04 11:27:10,795 [Worker-8: Download sources and javadoc] INFO  o.e.m.c.i.e.AbstractTransferListenerAdapter - Downloading https://repo.maven.apache.org/maven2/org/springframework/spring-jcl/5.3.20/spring-jcl-5.3.20-sources.jar
2025-08-04 11:27:11,092 [Worker-8: Download sources and javadoc] INFO  o.e.m.c.i.e.AbstractTransferListenerAdapter - Downloaded https://repo.maven.apache.org/maven2/org/springframework/spring-jcl/5.3.20/spring-jcl-5.3.20-sources.jar
2025-08-04 11:27:11,103 [Worker-8: Download sources and javadoc] INFO  o.e.m.j.internal.DownloadSourcesJob - Downloaded sources for org.springframework:spring-jcl:5.3.20
2025-08-04 11:27:11,472 [Worker-8: Download sources and javadoc] INFO  o.e.m.c.i.e.AbstractTransferListenerAdapter - Downloading https://repo.maven.apache.org/maven2/org/springframework/spring-expression/5.3.20/spring-expression-5.3.20-sources.jar
2025-08-04 11:27:11,944 [Worker-8: Download sources and javadoc] INFO  o.e.m.c.i.e.AbstractTransferListenerAdapter - Downloaded https://repo.maven.apache.org/maven2/org/springframework/spring-expression/5.3.20/spring-expression-5.3.20-sources.jar
2025-08-04 11:27:11,950 [Worker-8: Download sources and javadoc] INFO  o.e.m.j.internal.DownloadSourcesJob - Downloaded sources for org.springframework:spring-expression:5.3.20
2025-08-04 11:27:12,809 [Worker-21: Building] INFO  o.a.m.s.f.DefaultMavenResourcesFiltering - skip non existing resourceDirectory C:\Users\Sahana K S\Spring\IOC\src\main\resources
2025-08-04 11:27:12,814 [Worker-21: Building] INFO  o.a.m.s.f.DefaultMavenResourcesFiltering - skip non existing resourceDirectory C:\Users\Sahana K S\Spring\IOC\src\test\resources
2025-08-04 11:29:07,415 [Worker-33: Building] INFO  o.a.m.s.f.DefaultMavenResourcesFiltering - skip non existing resourceDirectory C:\Users\Sahana K S\Spring\IOC\src\main\resources
2025-08-04 11:29:07,421 [Worker-33: Building] INFO  o.a.m.s.f.DefaultMavenResourcesFiltering - skip non existing resourceDirectory C:\Users\Sahana K S\Spring\IOC\src\test\resources
2025-08-04 11:30:12,448 [Worker-32: Building] INFO  o.a.m.s.f.DefaultMavenResourcesFiltering - skip non existing resourceDirectory C:\Users\Sahana K S\Spring\IOC\src\main\resources
2025-08-04 11:30:12,454 [Worker-32: Building] INFO  o.a.m.s.f.DefaultMavenResourcesFiltering - skip non existing resourceDirectory C:\Users\Sahana K S\Spring\IOC\src\test\resources
2025-08-04 11:30:32,650 [Worker-21: Building] INFO  o.a.m.s.f.DefaultMavenResourcesFiltering - skip non existing resourceDirectory C:\Users\Sahana K S\Spring\IOC\src\main\resources
2025-08-04 11:30:32,656 [Worker-21: Building] INFO  o.a.m.s.f.DefaultMavenResourcesFiltering - skip non existing resourceDirectory C:\Users\Sahana K S\Spring\IOC\src\test\resources
2025-08-04 11:31:33,210 [Worker-31: Building] INFO  o.a.m.s.f.DefaultMavenResourcesFiltering - skip non existing resourceDirectory C:\Users\Sahana K S\Spring\IOC\src\main\resources
2025-08-04 11:31:33,214 [Worker-31: Building] INFO  o.a.m.s.f.DefaultMavenResourcesFiltering - skip non existing resourceDirectory C:\Users\Sahana K S\Spring\IOC\src\test\resources
2025-08-04 11:35:36,489 [Worker-31: Building] INFO  o.a.m.s.f.DefaultMavenResourcesFiltering - skip non existing resourceDirectory C:\Users\Sahana K S\Spring\IOC\src\main\resources
2025-08-04 11:35:36,494 [Worker-31: Building] INFO  o.a.m.s.f.DefaultMavenResourcesFiltering - skip non existing resourceDirectory C:\Users\Sahana K S\Spring\IOC\src\test\resources
2025-08-04 11:37:23,942 [Worker-36: Building] INFO  o.a.m.s.f.DefaultMavenResourcesFiltering - skip non existing resourceDirectory C:\Users\Sahana K S\Spring\IOC\src\main\resources
2025-08-04 11:37:23,947 [Worker-36: Building] INFO  o.a.m.s.f.DefaultMavenResourcesFiltering - skip non existing resourceDirectory C:\Users\Sahana K S\Spring\IOC\src\test\resources
2025-08-04 11:44:16,756 [Worker-38: Building] INFO  o.a.m.s.f.DefaultMavenResourcesFiltering - skip non existing resourceDirectory C:\Users\Sahana K S\Spring\IOC\src\main\resources
2025-08-04 11:44:16,760 [Worker-38: Building] INFO  o.a.m.s.f.DefaultMavenResourcesFiltering - skip non existing resourceDirectory C:\Users\Sahana K S\Spring\IOC\src\test\resources
2025-08-04 11:53:30,137 [Worker-43: Building] INFO  o.a.m.s.f.DefaultMavenResourcesFiltering - skip non existing resourceDirectory C:\Users\Sahana K S\Spring\IOC\src\main\resources
2025-08-04 11:53:30,141 [Worker-43: Building] INFO  o.a.m.s.f.DefaultMavenResourcesFiltering - skip non existing resourceDirectory C:\Users\Sahana K S\Spring\IOC\src\test\resources
2025-08-04 11:54:40,519 [Worker-44: Building] INFO  o.a.m.s.f.DefaultMavenResourcesFiltering - skip non existing resourceDirectory C:\Users\Sahana K S\Spring\IOC\src\main\resources
2025-08-04 11:54:40,524 [Worker-44: Building] INFO  o.a.m.s.f.DefaultMavenResourcesFiltering - skip non existing resourceDirectory C:\Users\Sahana K S\Spring\IOC\src\test\resources
2025-08-04 11:55:19,544 [Worker-47: Building] INFO  o.a.m.s.f.DefaultMavenResourcesFiltering - skip non existing resourceDirectory C:\Users\Sahana K S\Spring\IOC\src\main\resources
2025-08-04 11:55:19,548 [Worker-47: Building] INFO  o.a.m.s.f.DefaultMavenResourcesFiltering - skip non existing resourceDirectory C:\Users\Sahana K S\Spring\IOC\src\test\resources
2025-08-04 11:55:41,303 [Worker-45: Building] INFO  o.a.m.s.f.DefaultMavenResourcesFiltering - skip non existing resourceDirectory C:\Users\Sahana K S\Spring\IOC\src\main\resources
2025-08-04 11:55:41,308 [Worker-45: Building] INFO  o.a.m.s.f.DefaultMavenResourcesFiltering - skip non existing resourceDirectory C:\Users\Sahana K S\Spring\IOC\src\test\resources
2025-08-04 11:56:31,829 [Worker-47: Building] INFO  o.a.m.s.f.DefaultMavenResourcesFiltering - skip non existing resourceDirectory C:\Users\Sahana K S\Spring\IOC\src\main\resources
2025-08-04 11:56:31,833 [Worker-47: Building] INFO  o.a.m.s.f.DefaultMavenResourcesFiltering - skip non existing resourceDirectory C:\Users\Sahana K S\Spring\IOC\src\test\resources
2025-08-04 11:56:59,959 [Worker-46: Building] INFO  o.a.m.s.f.DefaultMavenResourcesFiltering - skip non existing resourceDirectory C:\Users\Sahana K S\Spring\IOC\src\main\resources
2025-08-04 11:56:59,964 [Worker-46: Building] INFO  o.a.m.s.f.DefaultMavenResourcesFiltering - skip non existing resourceDirectory C:\Users\Sahana K S\Spring\IOC\src\test\resources
2025-08-04 11:57:42,880 [Worker-45: Building] INFO  o.a.m.s.f.DefaultMavenResourcesFiltering - skip non existing resourceDirectory C:\Users\Sahana K S\Spring\IOC\src\main\resources
2025-08-04 11:57:42,883 [Worker-45: Building] INFO  o.a.m.s.f.DefaultMavenResourcesFiltering - skip non existing resourceDirectory C:\Users\Sahana K S\Spring\IOC\src\test\resources
2025-08-04 11:58:04,710 [Worker-47: Building] INFO  o.a.m.s.f.DefaultMavenResourcesFiltering - skip non existing resourceDirectory C:\Users\Sahana K S\Spring\IOC\src\main\resources
2025-08-04 11:58:04,716 [Worker-47: Building] INFO  o.a.m.s.f.DefaultMavenResourcesFiltering - skip non existing resourceDirectory C:\Users\Sahana K S\Spring\IOC\src\test\resources
2025-08-04 11:59:44,891 [Worker-47: Building] INFO  o.a.m.s.f.DefaultMavenResourcesFiltering - skip non existing resourceDirectory C:\Users\Sahana K S\Spring\IOC\src\main\resources
2025-08-04 11:59:44,894 [Worker-47: Building] INFO  o.a.m.s.f.DefaultMavenResourcesFiltering - skip non existing resourceDirectory C:\Users\Sahana K S\Spring\IOC\src\test\resources
2025-08-04 11:59:57,898 [Worker-45: Building] INFO  o.a.m.s.f.DefaultMavenResourcesFiltering - skip non existing resourceDirectory C:\Users\Sahana K S\Spring\IOC\src\main\resources
2025-08-04 11:59:57,902 [Worker-45: Building] INFO  o.a.m.s.f.DefaultMavenResourcesFiltering - skip non existing resourceDirectory C:\Users\Sahana K S\Spring\IOC\src\test\resources
2025-08-04 12:00:04,121 [Worker-42: Building] INFO  o.a.m.s.f.DefaultMavenResourcesFiltering - skip non existing resourceDirectory C:\Users\Sahana K S\Spring\IOC\src\main\resources
2025-08-04 12:00:04,124 [Worker-42: Building] INFO  o.a.m.s.f.DefaultMavenResourcesFiltering - skip non existing resourceDirectory C:\Users\Sahana K S\Spring\IOC\src\test\resources
2025-08-04 12:00:41,327 [Worker-45: Building] INFO  o.a.m.s.f.DefaultMavenResourcesFiltering - skip non existing resourceDirectory C:\Users\Sahana K S\Spring\IOC\src\main\resources
2025-08-04 12:00:41,331 [Worker-45: Building] INFO  o.a.m.s.f.DefaultMavenResourcesFiltering - skip non existing resourceDirectory C:\Users\Sahana K S\Spring\IOC\src\test\resources
2025-08-04 12:01:51,260 [Worker-46: Building] INFO  o.a.m.s.f.DefaultMavenResourcesFiltering - skip non existing resourceDirectory C:\Users\Sahana K S\Spring\IOC\src\main\resources
2025-08-04 12:01:51,263 [Worker-46: Building] INFO  o.a.m.s.f.DefaultMavenResourcesFiltering - skip non existing resourceDirectory C:\Users\Sahana K S\Spring\IOC\src\test\resources
2025-08-04 12:02:28,502 [Worker-44: Building] INFO  o.a.m.s.f.DefaultMavenResourcesFiltering - skip non existing resourceDirectory C:\Users\Sahana K S\Spring\IOC\src\main\resources
2025-08-04 12:02:28,505 [Worker-44: Building] INFO  o.a.m.s.f.DefaultMavenResourcesFiltering - skip non existing resourceDirectory C:\Users\Sahana K S\Spring\IOC\src\test\resources
2025-08-04 12:03:11,268 [Worker-48: Building] INFO  o.a.m.s.f.DefaultMavenResourcesFiltering - skip non existing resourceDirectory C:\Users\Sahana K S\Spring\IOC\src\main\resources
2025-08-04 12:03:11,271 [Worker-48: Building] INFO  o.a.m.s.f.DefaultMavenResourcesFiltering - skip non existing resourceDirectory C:\Users\Sahana K S\Spring\IOC\src\test\resources
2025-08-04 12:03:50,896 [Worker-43: Building] INFO  o.a.m.s.f.DefaultMavenResourcesFiltering - skip non existing resourceDirectory C:\Users\Sahana K S\Spring\IOC\src\main\resources
2025-08-04 12:03:50,899 [Worker-43: Building] INFO  o.a.m.s.f.DefaultMavenResourcesFiltering - skip non existing resourceDirectory C:\Users\Sahana K S\Spring\IOC\src\test\resources
2025-08-04 12:04:04,135 [Worker-43: Building] INFO  o.a.m.s.f.DefaultMavenResourcesFiltering - skip non existing resourceDirectory C:\Users\Sahana K S\Spring\IOC\src\main\resources
2025-08-04 12:04:04,139 [Worker-43: Building] INFO  o.a.m.s.f.DefaultMavenResourcesFiltering - skip non existing resourceDirectory C:\Users\Sahana K S\Spring\IOC\src\test\resources
2025-08-04 12:04:21,851 [Worker-48: Building] INFO  o.a.m.s.f.DefaultMavenResourcesFiltering - skip non existing resourceDirectory C:\Users\Sahana K S\Spring\IOC\src\main\resources
2025-08-04 12:04:21,853 [Worker-48: Building] INFO  o.a.m.s.f.DefaultMavenResourcesFiltering - skip non existing resourceDirectory C:\Users\Sahana K S\Spring\IOC\src\test\resources
